<?xml version="1.0" encoding="UTF-8"?>
<testsuite xmlns:xsi="http://www.w3.org/2001/XMLSchema-instance" xsi:noNamespaceSchemaLocation="https://maven.apache.org/surefire/maven-surefire-plugin/xsd/surefire-test-report.xsd" name="ARunner.RunCucumberTest" time="18.27" tests="1" errors="1" skipped="0" failures="0">
  <properties>
[...]
</properties>
  <testcase name="User see all my Account Options" classname="My Account Test scearios" time="17.733">
    <error message="element not interactable&#10;  (Session info: chrome=137.0.7151.119)&#10;Build info: version: &apos;4.31.0&apos;, revision: &apos;1ef9f18787*&apos;&#10;System info: os.name: &apos;Windows 11&apos;, os.arch: &apos;amd64&apos;, os.version: &apos;10.0&apos;, java.version: &apos;23.0.1&apos;&#10;Driver info: org.openqa.selenium.chrome.ChromeDriver&#10;Command: [33df51c7726a44d390623f9c0978d743, clickElement {id=f.72BE7192DB0B3C5F7159E8DD9C4E5612.d.982BB2E150BF53E306F52D76EAD25B86.e.506}]&#10;Capabilities {acceptInsecureCerts: false, browserName: chrome, browserVersion: 137.0.7151.119, chrome: {chromedriverVersion: 137.0.7151.119 (e0ac9d12dff..., userDataDir: C:\Users\rezau\AppData\Loca...}, fedcm:accounts: true, goog:chromeOptions: {debuggerAddress: localhost:64657}, networkConnectionEnabled: false, pageLoadStrategy: normal, platformName: windows, proxy: Proxy(), se:cdp: ws://localhost:64657/devtoo..., se:cdpVersion: 137.0.7151.119, setWindowRect: true, strictFileInteractability: false, timeouts: {implicit: 0, pageLoad: 300000, script: 30000}, unhandledPromptBehavior: dismiss and notify, webauthn:extension:credBlob: true, webauthn:extension:largeBlob: true, webauthn:extension:minPinLength: true, webauthn:extension:prf: true, webauthn:virtualAuthenticators: true}&#10;Element: [[ChromeDriver: chrome on windows (33df51c7726a44d390623f9c0978d743)] -&gt; xpath: /html/body/div[1]/div[1]/nav/div[3]/div/div[3]/div/ul/li/div/div[1]/a]&#10;Session ID: 33df51c7726a44d390623f9c0978d743" type="org.openqa.selenium.ElementNotInteractableException">org.openqa.selenium.ElementNotInteractableException: 
element not interactable
  (Session info: chrome=137.0.7151.119)
Build info: version: '4.31.0', revision: '1ef9f18787*'
System info: os.name: 'Windows 11', os.arch: 'amd64', os.version: '10.0', java.version: '23.0.1'
Driver info: org.openqa.selenium.chrome.ChromeDriver
Command: [33df51c7726a44d390623f9c0978d743, clickElement {id=f.72BE7192DB0B3C5F7159E8DD9C4E5612.d.982BB2E150BF53E306F52D76EAD25B86.e.506}]
Capabilities {acceptInsecureCerts: false, browserName: chrome, browserVersion: 137.0.7151.119, chrome: {chromedriverVersion: 137.0.7151.119 (e0ac9d12dff..., userDataDir: C:\Users\rezau\AppData\Loca...}, fedcm:accounts: true, goog:chromeOptions: {debuggerAddress: localhost:64657}, networkConnectionEnabled: false, pageLoadStrategy: normal, platformName: windows, proxy: Proxy(), se:cdp: ws://localhost:64657/devtoo..., se:cdpVersion: 137.0.7151.119, setWindowRect: true, strictFileInteractability: false, timeouts: {implicit: 0, pageLoad: 300000, script: 30000}, unhandledPromptBehavior: dismiss and notify, webauthn:extension:credBlob: true, webauthn:extension:largeBlob: true, webauthn:extension:minPinLength: true, webauthn:extension:prf: true, webauthn:virtualAuthenticators: true}
Element: [[ChromeDriver: chrome on windows (33df51c7726a44d390623f9c0978d743)] -> xpath: /html/body/div[1]/div[1]/nav/div[3]/div/div[3]/div/ul/li/div/div[1]/a]
Session ID: 33df51c7726a44d390623f9c0978d743
</error>
    <system-out><![CDATA[
@debug_may25
Scenario: User see all my Account Options                                                        # src/test/resources/3_Myaccount.feature:4
  Given I Open my computers "chrome" browser                                                     # stepdefinationcode.CommonSteps.i_open_my_computers_browser(java.lang.String)
  And I browse to mct website using url "https://www.demo.iscripts.com/multicart/demo/index.php" # stepdefinationcode.CommonSteps.i_browse_to_website(java.lang.String)
  And I click on login link                                                                      # stepdefinationcode.CommonPageActions.i_click_on_login_link()
  And I Enter user id as "user"                                                                  # stepdefinationcode.CommonPageActions.i_enter_valid_user_id(java.lang.String)
  And I Enter password as "pass"                                                                 # stepdefinationcode.CommonPageActions.i_enter_valid_password(java.lang.String)
  And I Click the login button                                                                   # stepdefinationcode.CommonPageActions.i_click_the_login_button()
  And I click on myprofile-name link                                                             # stepdefinationcode.CommonPageActions.i_click_on_my_profileName_link()
  When I click on my-account link                                                                # stepdefinationcode.CommonPageActions.i_click_on_my_account_link()
      org.openqa.selenium.ElementNotInteractableException: element not interactable
  (Session info: chrome=137.0.7151.119)
Build info: version: '4.31.0', revision: '1ef9f18787*'
System info: os.name: 'Windows 11', os.arch: 'amd64', os.version: '10.0', java.version: '23.0.1'
Driver info: org.openqa.selenium.chrome.ChromeDriver
Command: [33df51c7726a44d390623f9c0978d743, clickElement {id=f.72BE7192DB0B3C5F7159E8DD9C4E5612.d.982BB2E150BF53E306F52D76EAD25B86.e.506}]
Capabilities {acceptInsecureCerts: false, browserName: chrome, browserVersion: 137.0.7151.119, chrome: {chromedriverVersion: 137.0.7151.119 (e0ac9d12dff..., userDataDir: C:\Users\rezau\AppData\Loca...}, fedcm:accounts: true, goog:chromeOptions: {debuggerAddress: localhost:64657}, networkConnectionEnabled: false, pageLoadStrategy: normal, platformName: windows, proxy: Proxy(), se:cdp: ws://localhost:64657/devtoo..., se:cdpVersion: 137.0.7151.119, setWindowRect: true, strictFileInteractability: false, timeouts: {implicit: 0, pageLoad: 300000, script: 30000}, unhandledPromptBehavior: dismiss and notify, webauthn:extension:credBlob: true, webauthn:extension:largeBlob: true, webauthn:extension:minPinLength: true, webauthn:extension:prf: true, webauthn:virtualAuthenticators: true}
Element: [[ChromeDriver: chrome on windows (33df51c7726a44d390623f9c0978d743)] -> xpath: /html/body/div[1]/div[1]/nav/div[3]/div/div[3]/div/ul/li/div/div[1]/a]
Session ID: 33df51c7726a44d390623f9c0978d743
	at java.base/jdk.internal.reflect.DirectConstructorHandleAccessor.newInstance(DirectConstructorHandleAccessor.java:62)
	at java.base/java.lang.reflect.Constructor.newInstanceWithCaller(Constructor.java:501)
	at java.base/java.lang.reflect.Constructor.newInstance(Constructor.java:485)
	at org.openqa.selenium.remote.ErrorCodec.decode(ErrorCodec.java:167)
	at org.openqa.selenium.remote.codec.w3c.W3CHttpResponseCodec.decode(W3CHttpResponseCodec.java:138)
	at org.openqa.selenium.remote.codec.w3c.W3CHttpResponseCodec.decode(W3CHttpResponseCodec.java:50)
	at org.openqa.selenium.remote.HttpCommandExecutor.execute(HttpCommandExecutor.java:215)
	at org.openqa.selenium.remote.service.DriverCommandExecutor.invokeExecute(DriverCommandExecutor.java:216)
	at org.openqa.selenium.remote.service.DriverCommandExecutor.execute(DriverCommandExecutor.java:174)
	at org.openqa.selenium.remote.RemoteWebDriver.execute(RemoteWebDriver.java:545)
	at org.openqa.selenium.remote.RemoteWebElement.execute(RemoteWebElement.java:223)
	at org.openqa.selenium.remote.RemoteWebElement.click(RemoteWebElement.java:76)
	at pageobjectmodel.PageParent.clickWebElementByXpath(PageParent.java:42)
	at pageobjectmodel.HomePageMCT.clickMyAccountLink(HomePageMCT.java:136)
	at stepdefinationcode.CommonPageActions.i_click_on_my_account_link(CommonPageActions.java:44)
	at ✽.I click on my-account link(file:///C:/Users/rezau/eclipse-workspace/mct-auto-frameworkV2/mct-auto-frameworkV2/src/test/resources/3_Myaccount.feature:13)

  Then I see all my account options available                                                    # stepdefinationcode.AllValidationSteps.i_see_all_my_account_options_available(io.cucumber.datatable.DataTable)

    Embedding screenShots [image/png 640217 bytes]

]]></system-out>
    <system-err><![CDATA[Jun 21, 2025 12:12:41 AM org.openqa.selenium.devtools.CdpVersionFinder findNearestMatch
WARNING: Unable to find an exact match for CDP version 137, returning the closest version; found: 135; Please update to a Selenium version that supports CDP version 137
]]></system-err>
  </testcase>
</testsuite>